<?xml version="1.0" encoding="UTF-8"?>
<!-- Generated by org.testng.reporters.JUnitReportReporter -->
<testsuite hostname="DESKTOP-I5E09MQ" failures="0" tests="2" name="qaclickacademy.mavenjava.AppiumTest" time="0.001" errors="0" timestamp="2022-01-21T18:03:44 IST" skipped="0">
  <testcase classname="qaclickacademy.mavenjava.AppiumTest" name="IOSApps" time="0.000"/>
  <system-out/>
  <testcase classname="qaclickacademy.mavenjava.AppiumTest" name="NativeAppAndroid" time="0.001"/>
  <system-out/>
</testsuite> <!-- qaclickacademy.mavenjava.AppiumTest -->
