<?xml version="1.0" encoding="UTF-8"?>
<!-- Generated by org.testng.reporters.JUnitReportReporter -->
<testsuite hostname="DESKTOP-I5E09MQ" failures="0" tests="2" name="qaclickacademy.mavenjava.RESTAPITest" time="0.000" errors="0" timestamp="2022-01-21T18:04:16 IST" skipped="0">
  <testcase classname="qaclickacademy.mavenjava.RESTAPITest" name="PostJira" time="0.000"/>
  <system-out/>
  <testcase classname="qaclickacademy.mavenjava.RESTAPITest" name="DeleteTwitter" time="0.000"/>
  <system-out/>
</testsuite> <!-- qaclickacademy.mavenjava.RESTAPITest -->
