<?xml version="1.0" encoding="UTF-8"?>
<!-- Generated by org.testng.reporters.JUnitReportReporter -->
<testsuite hostname="DESKTOP-I5E09MQ" failures="0" tests="2" name="qaclickacademy.mavenjava.SeleniumTest" time="0.010" errors="0" timestamp="2022-01-21T18:04:16 IST" skipped="0">
  <testcase classname="qaclickacademy.mavenjava.SeleniumTest" name="ElementsUi" time="0.000"/>
  <system-out/>
  <testcase classname="qaclickacademy.mavenjava.SeleniumTest" name="BrowserAutomation" time="0.010"/>
  <system-out/>
</testsuite> <!-- qaclickacademy.mavenjava.SeleniumTest -->
